Arguments: 
  C:\Program Files\nodejs\node.exe C:\Program Files (x86)\Yarn\bin\yarn.js add bootsrapt

PATH: 
  C:\WINDOWS\system32;C:\WINDOWS;C:\WINDOWS\System32\Wbem;C:\WINDOWS\System32\WindowsPowerShell\v1.0\;C:\Program Files\nodejs\;C:\Program Files\TortoiseSVN\bin;C:\Program Files\Git\cmd;C:\Program Files (x86)\Yarn\bin\;C:\Users\jlopezpu\AppData\Local\Microsoft\WindowsApps;;C:\Users\jlopezpu\AppData\Local\Programs\Microsoft VS Code\bin;C:\Users\jlopezpu\AppData\Roaming\npm;C:\Users\jlopezpu\AppData\Local\Yarn\bin

Yarn version: 
  1.10.1

Node version: 
  8.12.0

Platform: 
  win32 x64

Trace: 
  Error: https://registry.yarnpkg.com/bootsrapt: Not found
      at Request.params.callback [as _callback] (C:\Program Files (x86)\Yarn\lib\cli.js:60182:18)
      at Request.self.callback (C:\Program Files (x86)\Yarn\lib\cli.js:120166:22)
      at emitTwo (events.js:126:13)
      at Request.emit (events.js:214:7)
      at Request.<anonymous> (C:\Program Files (x86)\Yarn\lib\cli.js:121138:10)
      at emitOne (events.js:116:13)
      at Request.emit (events.js:211:7)
      at IncomingMessage.<anonymous> (C:\Program Files (x86)\Yarn\lib\cli.js:121060:12)
      at Object.onceWrapper (events.js:313:30)
      at emitNone (events.js:111:20)

npm manifest: 
  {
    "name": "angularYarnProject",
    "version": "1.0.0",
    "main": "index.html",
    "author": "Chema Lopez",
    "license": "MIT",
    "dependencies": {
      "angular": "^1.7.5",
      "angular-route": "^1.7.5",
      "jquery": "^3.3.1"
    }
  }

yarn manifest: 
  No manifest

Lockfile: 
  # THIS IS AN AUTOGENERATED FILE. DO NOT EDIT THIS FILE DIRECTLY.
  # yarn lockfile v1
  
  
  angular-route@^1.7.5:
    version "1.7.5"
    resolved "https://registry.yarnpkg.com/angular-route/-/angular-route-1.7.5.tgz#34a3648c407a14a030d075cf485318e33ba23f0e"
    integrity sha512-7KfyEVVOWTI+jTY/j5rUNCIHGRyeCOx7YqZI/Ci3IbDK7GIsy6xH+hS5ai0Xi0sLjzDZ0PUDO4gBn+K0dVtlOg==
  
  angular@^1.7.5:
    version "1.7.5"
    resolved "https://registry.yarnpkg.com/angular/-/angular-1.7.5.tgz#d1c1c01c6f5dc835638f3f9aa51012857bdac49e"
    integrity sha512-760183yxtGzni740IBTieNuWLtPNAoMqvmC0Z62UoU0I3nqk+VJuO3JbQAXOyvo3Oy/ZsdNQwrSTh/B0OQZjNw==
  
  jquery@^3.3.1:
    version "3.3.1"
    resolved "https://registry.yarnpkg.com/jquery/-/jquery-3.3.1.tgz#958ce29e81c9790f31be7792df5d4d95fc57fbca"
    integrity sha512-Ubldcmxp5np52/ENotGxlLe6aGMvmF4R8S6tZjsP6Knsaxd/xp3Zrh50cG93lR6nPXyUFwzN3ZSOQI0wRJNdGg==
